0 info it worked if it ends with ok
1 verbose cli [ 'c:\\Program Files\\nodejs\\node.exe',
1 verbose cli   'c:\\Program Files\\nodejs\\node_modules\\npm\\bin\\npm-cli.js',
1 verbose cli   'link',
1 verbose cli   'generator-gisi-widget' ]
2 info using npm@1.3.24
3 info using node@v0.10.25
4 info c:\develop\generator-gisi-widget\node_modules\generator-gisi-widget unbuild
5 verbose link symlinking C:\Users\Ian\AppData\Roaming\npm\node_modules\generator-gisi-widget to c:\develop\generator-gisi-widget\node_modules\generator-gisi-widget
6 error Error: EPERM, symlink 'C:\Users\Ian\AppData\Roaming\npm\node_modules\generator-gisi-widget'
6 error  { [Error: EPERM, symlink 'C:\Users\Ian\AppData\Roaming\npm\node_modules\generator-gisi-widget']
6 error   errno: 50,
6 error   code: 'EPERM',
6 error   path: 'C:\\Users\\Ian\\AppData\\Roaming\\npm\\node_modules\\generator-gisi-widget' }
7 error Please try running this command again as root/Administrator.
8 error System Windows_NT 6.1.7601
9 error command "c:\\Program Files\\nodejs\\node.exe" "c:\\Program Files\\nodejs\\node_modules\\npm\\bin\\npm-cli.js" "link" "generator-gisi-widget"
10 error cwd c:\develop\generator-gisi-widget
11 error node -v v0.10.25
12 error npm -v 1.3.24
13 error path C:\Users\Ian\AppData\Roaming\npm\node_modules\generator-gisi-widget
14 error code EPERM
15 error errno 50
16 error stack Error: EPERM, symlink 'C:\Users\Ian\AppData\Roaming\npm\node_modules\generator-gisi-widget'
17 verbose exit [ 50, true ]
